c:\users\16676\documents\visual studio 2010\projects\dome\dome\debug\test1.obj
c:\users\16676\documents\visual studio 2010\projects\dome\dome\debug\vc100.pdb
c:\users\16676\documents\visual studio 2010\projects\dome\dome\debug\tool.obj
c:\users\16676\documents\visual studio 2010\projects\dome\debug\dome.ilk
c:\users\16676\documents\visual studio 2010\projects\dome\debug\dome.exe
c:\users\16676\documents\visual studio 2010\projects\dome\dome\debug\dome.exe.intermediate.manifest
c:\users\16676\documents\visual studio 2010\projects\dome\debug\dome.pdb
c:\users\16676\documents\visual studio 2010\projects\dome\dome\debug\dome.exe.embed.manifest
c:\users\16676\documents\visual studio 2010\projects\dome\dome\debug\dome.exe.embed.manifest.res
d:\users\lenovo\desktop\dome\dome\debug\vc142.pdb
d:\users\lenovo\desktop\dome\dome\debug\vc142.idb
d:\users\lenovo\desktop\dome\dome\debug\main.obj
d:\users\lenovo\desktop\dome\dome\debug\tool.obj
d:\users\lenovo\desktop\dome\dome\debug\tools.obj
d:\users\lenovo\desktop\dome\dome\debug\dome.vcxprojresolveassemblyreference.cache
d:\users\lenovo\desktop\dome\dome\debug\test1.obj
d:\users\lenovo\desktop\dome\dome\debug\cl.command.1.tlog
d:\users\lenovo\desktop\dome\dome\debug\cl.read.1.tlog
d:\users\lenovo\desktop\dome\dome\debug\cl.write.1.tlog
d:\users\lenovo\desktop\dome\dome\debug\dome.write.1.tlog
d:\users\lenovo\desktop\dome\dome\debug\link-cvtres.read.1.tlog
d:\users\lenovo\desktop\dome\dome\debug\link-cvtres.write.1.tlog
d:\users\lenovo\desktop\dome\dome\debug\link.11132-cvtres.read.1.tlog
d:\users\lenovo\desktop\dome\dome\debug\link.11132-cvtres.write.1.tlog
d:\users\lenovo\desktop\dome\dome\debug\link.11132.read.1.tlog
d:\users\lenovo\desktop\dome\dome\debug\link.11132.write.1.tlog
d:\users\lenovo\desktop\dome\dome\debug\link.19444-cvtres.read.1.tlog
d:\users\lenovo\desktop\dome\dome\debug\link.19444-cvtres.write.1.tlog
d:\users\lenovo\desktop\dome\dome\debug\link.19444.read.1.tlog
d:\users\lenovo\desktop\dome\dome\debug\link.19444.write.1.tlog
d:\users\lenovo\desktop\dome\dome\debug\link.22120-cvtres.read.1.tlog
d:\users\lenovo\desktop\dome\dome\debug\link.22120-cvtres.write.1.tlog
d:\users\lenovo\desktop\dome\dome\debug\link.22120.read.1.tlog
d:\users\lenovo\desktop\dome\dome\debug\link.22120.write.1.tlog
d:\users\lenovo\desktop\dome\dome\debug\link.8224-cvtres.read.1.tlog
d:\users\lenovo\desktop\dome\dome\debug\link.8224-cvtres.write.1.tlog
d:\users\lenovo\desktop\dome\dome\debug\link.8224.read.1.tlog
d:\users\lenovo\desktop\dome\dome\debug\link.8224.write.1.tlog
d:\users\lenovo\desktop\dome\dome\debug\link.command.1.tlog
d:\users\lenovo\desktop\dome\dome\debug\link.read.1.tlog
d:\users\lenovo\desktop\dome\dome\debug\link.write.1.tlog
d:\users\lenovo\desktop\dome\dome\debug\mt.command.1.tlog
d:\users\lenovo\desktop\dome\dome\debug\mt.read.1.tlog
d:\users\lenovo\desktop\dome\dome\debug\mt.write.1.tlog
d:\users\lenovo\desktop\dome\dome\debug\rc.command.1.tlog
d:\users\lenovo\desktop\dome\dome\debug\rc.read.1.tlog
d:\users\lenovo\desktop\dome\dome\debug\rc.write.1.tlog
d:\users\lenovo\desktop\dome\dome\debug\dome.exe.embed.manifest
d:\users\lenovo\desktop\dome\dome\debug\dome.exe.intermediate.manifest
d:\users\lenovo\desktop\dome\dome\debug\dome.exe.embed.manifest.res
d:\users\lenovo\desktop\dome\dome\debug\vc100.idb
d:\users\lenovo\desktop\dome\dome\debug\vc100.pdb
d:\users\lenovo\desktop\dome\dome\debug\dome_manifest.rc
d:\users\lenovo\desktop\dome\debug\dome.pdb
d:\users\lenovo\desktop\dome\dome\debug\dome.tlog\cl.command.1.tlog
d:\users\lenovo\desktop\dome\dome\debug\dome.tlog\cl.read.1.tlog
d:\users\lenovo\desktop\dome\dome\debug\dome.tlog\cl.write.1.tlog
d:\users\lenovo\desktop\dome\dome\debug\dome.tlog\link-cvtres.read.1.tlog
d:\users\lenovo\desktop\dome\dome\debug\dome.tlog\link-cvtres.write.1.tlog
d:\users\lenovo\desktop\dome\dome\debug\dome.tlog\link-rc.read.1.tlog
d:\users\lenovo\desktop\dome\dome\debug\dome.tlog\link-rc.write.1.tlog
d:\users\lenovo\desktop\dome\dome\debug\dome.tlog\link.21012-cvtres.read.1.tlog
d:\users\lenovo\desktop\dome\dome\debug\dome.tlog\link.21012-cvtres.write.1.tlog
d:\users\lenovo\desktop\dome\dome\debug\dome.tlog\link.21012-rc.read.1.tlog
d:\users\lenovo\desktop\dome\dome\debug\dome.tlog\link.21012-rc.write.1.tlog
d:\users\lenovo\desktop\dome\dome\debug\dome.tlog\link.21012.read.1.tlog
d:\users\lenovo\desktop\dome\dome\debug\dome.tlog\link.21012.write.1.tlog
d:\users\lenovo\desktop\dome\dome\debug\dome.tlog\link.command.1.tlog
d:\users\lenovo\desktop\dome\dome\debug\dome.tlog\link.delete.1.tlog
d:\users\lenovo\desktop\dome\dome\debug\dome.tlog\link.read.1.tlog
d:\users\lenovo\desktop\dome\dome\debug\dome.tlog\link.write.1.tlog
